<?xml version="1.0" encoding="UTF-8"?>
<robot generator="Robot 6.1.1 (Python 3.10.13 on linux)" generated="20231111 15:21:11.595" rpa="false" schemaversion="4">
<suite id="s1" name="Register" source="/home/syrvil/Opiskelu/Ohjelmistotuotanto/palautusrepositorio/viikko3/web-login/src/tests/register.robot">
<kw name="Open And Configure Browser" library="resource" type="SETUP">
<kw name="Evaluate" library="BuiltIn">
<var>${options}</var>
<arg>sys.modules['selenium.webdriver'].ChromeOptions()</arg>
<arg>sys</arg>
<doc>Evaluates the given expression in Python and returns the result.</doc>
<msg timestamp="20231111 15:21:12.224" level="INFO">${options} = &lt;selenium.webdriver.chrome.options.Options object at 0x7f1a89f26a40&gt;</msg>
<status status="PASS" starttime="20231111 15:21:12.222" endtime="20231111 15:21:12.224"/>
</kw>
<kw name="Call Method" library="BuiltIn">
<arg>${options}</arg>
<arg>add_argument</arg>
<arg>--no-sandbox</arg>
<doc>Calls the named method of the given object with the provided arguments.</doc>
<status status="PASS" starttime="20231111 15:21:12.224" endtime="20231111 15:21:12.225"/>
</kw>
<kw name="Open Browser" library="SeleniumLibrary">
<arg>browser=chrome</arg>
<arg>options=${options}</arg>
<doc>Opens a new browser instance to the optional ``url``.</doc>
<msg timestamp="20231111 15:21:12.227" level="INFO">Opening browser 'chrome' to base url 'None'.</msg>
<status status="PASS" starttime="20231111 15:21:12.225" endtime="20231111 15:21:15.069"/>
</kw>
<kw name="Set Selenium Speed" library="SeleniumLibrary">
<arg>${DELAY}</arg>
<doc>Sets the delay that is waited after each Selenium command.</doc>
<status status="PASS" starttime="20231111 15:21:15.069" endtime="20231111 15:21:15.071"/>
</kw>
<status status="PASS" starttime="20231111 15:21:12.221" endtime="20231111 15:21:15.071"/>
</kw>
<test id="s1-t1" name="Login After Failed Registration" line="65">
<kw name="Go To Register Page" library="resource">
<kw name="Go To" library="SeleniumLibrary">
<arg>${REGISTER_URL}</arg>
<doc>Navigates the current browser window to the provided ``url``.</doc>
<msg timestamp="20231111 15:21:15.076" level="INFO">Opening url 'http://localhost:5001/register'</msg>
<status status="PASS" starttime="20231111 15:21:15.075" endtime="20231111 15:21:15.770"/>
</kw>
<status status="PASS" starttime="20231111 15:21:15.074" endtime="20231111 15:21:15.770"/>
</kw>
<kw name="Register Page Should Be Open" library="resource">
<kw name="Title Should Be" library="SeleniumLibrary">
<arg>Register</arg>
<doc>Verifies that the current page title equals ``title``.</doc>
<msg timestamp="20231111 15:21:16.291" level="INFO">Page title is 'Register'.</msg>
<status status="PASS" starttime="20231111 15:21:15.772" endtime="20231111 15:21:16.291"/>
</kw>
<status status="PASS" starttime="20231111 15:21:15.771" endtime="20231111 15:21:16.292"/>
</kw>
<kw name="Set Username">
<arg>kalle</arg>
<kw name="Input Text" library="SeleniumLibrary">
<arg>username</arg>
<arg>${username}</arg>
<doc>Types the given ``text`` into the text field identified by ``locator``.</doc>
<msg timestamp="20231111 15:21:16.296" level="INFO">Typing text 'kalle' into text field 'username'.</msg>
<status status="PASS" starttime="20231111 15:21:16.293" endtime="20231111 15:21:18.188"/>
</kw>
<status status="PASS" starttime="20231111 15:21:16.292" endtime="20231111 15:21:18.188"/>
</kw>
<kw name="Set Password">
<arg>kalle123</arg>
<kw name="Input Password" library="SeleniumLibrary">
<arg>password</arg>
<arg>${password}</arg>
<doc>Types the given password into the text field identified by ``locator``.</doc>
<msg timestamp="20231111 15:21:18.192" level="INFO">Typing password into text field 'password'.</msg>
<msg timestamp="20231111 15:21:19.343" level="INFO">Temporally setting log level to: NONE</msg>
<msg timestamp="20231111 15:21:20.003" level="INFO">Log level changed from NONE to INFO.</msg>
<status status="PASS" starttime="20231111 15:21:18.190" endtime="20231111 15:21:20.003"/>
</kw>
<status status="PASS" starttime="20231111 15:21:18.189" endtime="20231111 15:21:20.003"/>
</kw>
<kw name="Set Password Confirmation">
<arg>kalle321</arg>
<kw name="Input Password" library="SeleniumLibrary">
<arg>password_confirmation</arg>
<arg>${password}</arg>
<doc>Types the given password into the text field identified by ``locator``.</doc>
<msg timestamp="20231111 15:21:20.007" level="INFO">Typing password into text field 'password_confirmation'.</msg>
<msg timestamp="20231111 15:21:21.163" level="INFO">Temporally setting log level to: NONE</msg>
<msg timestamp="20231111 15:21:21.827" level="INFO">Log level changed from NONE to INFO.</msg>
<status status="PASS" starttime="20231111 15:21:20.005" endtime="20231111 15:21:21.828"/>
</kw>
<status status="PASS" starttime="20231111 15:21:20.004" endtime="20231111 15:21:21.828"/>
</kw>
<kw name="Submit Register Credentials">
<kw name="Click Button" library="SeleniumLibrary">
<arg>Register</arg>
<doc>Clicks the button identified by ``locator``.</doc>
<msg timestamp="20231111 15:21:21.831" level="INFO">Clicking button 'Register'.</msg>
<status status="PASS" starttime="20231111 15:21:21.829" endtime="20231111 15:21:24.119"/>
</kw>
<status status="PASS" starttime="20231111 15:21:21.829" endtime="20231111 15:21:24.120"/>
</kw>
<kw name="Registration Should Fail With Message">
<arg>Passwords do not match</arg>
<kw name="Register Page Should Be Open" library="resource">
<kw name="Title Should Be" library="SeleniumLibrary">
<arg>Register</arg>
<doc>Verifies that the current page title equals ``title``.</doc>
<msg timestamp="20231111 15:21:24.640" level="INFO">Page title is 'Register'.</msg>
<status status="PASS" starttime="20231111 15:21:24.122" endtime="20231111 15:21:24.640"/>
</kw>
<status status="PASS" starttime="20231111 15:21:24.121" endtime="20231111 15:21:24.640"/>
</kw>
<kw name="Page Should Contain" library="SeleniumLibrary">
<arg>${message}</arg>
<doc>Verifies that current page contains ``text``.</doc>
<msg timestamp="20231111 15:21:25.696" level="INFO">Current page contains text 'Passwords do not match'.</msg>
<status status="PASS" starttime="20231111 15:21:24.641" endtime="20231111 15:21:25.696"/>
</kw>
<status status="PASS" starttime="20231111 15:21:24.120" endtime="20231111 15:21:25.697"/>
</kw>
<kw name="Go To Login Page" library="resource">
<kw name="Go To" library="SeleniumLibrary">
<arg>${LOGIN_URL}</arg>
<doc>Navigates the current browser window to the provided ``url``.</doc>
<msg timestamp="20231111 15:21:25.700" level="INFO">Opening url 'http://localhost:5001/login'</msg>
<status status="PASS" starttime="20231111 15:21:25.699" endtime="20231111 15:21:26.283"/>
</kw>
<status status="PASS" starttime="20231111 15:21:25.697" endtime="20231111 15:21:26.283"/>
</kw>
<kw name="Set Username">
<arg>kalle</arg>
<kw name="Input Text" library="SeleniumLibrary">
<arg>username</arg>
<arg>${username}</arg>
<doc>Types the given ``text`` into the text field identified by ``locator``.</doc>
<msg timestamp="20231111 15:21:26.287" level="INFO">Typing text 'kalle' into text field 'username'.</msg>
<status status="PASS" starttime="20231111 15:21:26.285" endtime="20231111 15:21:28.078"/>
</kw>
<status status="PASS" starttime="20231111 15:21:26.284" endtime="20231111 15:21:28.079"/>
</kw>
<kw name="Set Password">
<arg>kalle123</arg>
<kw name="Input Password" library="SeleniumLibrary">
<arg>password</arg>
<arg>${password}</arg>
<doc>Types the given password into the text field identified by ``locator``.</doc>
<msg timestamp="20231111 15:21:28.086" level="INFO">Typing password into text field 'password'.</msg>
<msg timestamp="20231111 15:21:29.218" level="INFO">Temporally setting log level to: NONE</msg>
<msg timestamp="20231111 15:21:29.891" level="INFO">Log level changed from NONE to INFO.</msg>
<status status="PASS" starttime="20231111 15:21:28.081" endtime="20231111 15:21:29.892"/>
</kw>
<status status="PASS" starttime="20231111 15:21:28.080" endtime="20231111 15:21:29.892"/>
</kw>
<kw name="Submit Credentials">
<kw name="Click Button" library="SeleniumLibrary">
<arg>Login</arg>
<doc>Clicks the button identified by ``locator``.</doc>
<msg timestamp="20231111 15:21:29.898" level="INFO">Clicking button 'Login'.</msg>
<status status="PASS" starttime="20231111 15:21:29.895" endtime="20231111 15:21:32.189"/>
</kw>
<status status="PASS" starttime="20231111 15:21:29.893" endtime="20231111 15:21:32.189"/>
</kw>
<kw name="Login Should Fail With Message">
<arg>Invalid username or password</arg>
<kw name="Login Page Should Be Open" library="resource">
<kw name="Title Should Be" library="SeleniumLibrary">
<arg>Login</arg>
<doc>Verifies that the current page title equals ``title``.</doc>
<msg timestamp="20231111 15:21:32.709" level="INFO">Page title is 'Login'.</msg>
<status status="PASS" starttime="20231111 15:21:32.193" endtime="20231111 15:21:32.710"/>
</kw>
<status status="PASS" starttime="20231111 15:21:32.191" endtime="20231111 15:21:32.710"/>
</kw>
<kw name="Page Should Contain" library="SeleniumLibrary">
<arg>${message}</arg>
<doc>Verifies that current page contains ``text``.</doc>
<msg timestamp="20231111 15:21:33.765" level="INFO">Current page contains text 'Invalid username or password'.</msg>
<status status="PASS" starttime="20231111 15:21:32.711" endtime="20231111 15:21:33.765"/>
</kw>
<status status="PASS" starttime="20231111 15:21:32.190" endtime="20231111 15:21:33.765"/>
</kw>
<status status="PASS" starttime="20231111 15:21:15.071" endtime="20231111 15:21:33.766"/>
</test>
<kw name="Close Browser" library="SeleniumLibrary" type="TEARDOWN">
<doc>Closes the current browser.</doc>
<status status="PASS" starttime="20231111 15:21:33.768" endtime="20231111 15:21:34.388"/>
</kw>
<status status="PASS" starttime="20231111 15:21:11.598" endtime="20231111 15:21:34.388"/>
</suite>
<statistics>
<total>
<stat pass="1" fail="0" skip="0">All Tests</stat>
</total>
<tag>
</tag>
<suite>
<stat pass="1" fail="0" skip="0" id="s1" name="Register">Register</stat>
</suite>
</statistics>
<errors>
</errors>
</robot>
