<?xml version="1.0" encoding="UTF-8"?>
<robot generator="Robot 6.1.1 (Python 3.10.13 on linux)" generated="20231111 10:32:05.512" rpa="false" schemaversion="4">
<suite id="s1" name="Tests" source="/home/syrvil/Opiskelu/Ohjelmistotuotanto/palautusrepositorio/viikko3/login-robot/src/tests">
<suite id="s1-s1" name="Login" source="/home/syrvil/Opiskelu/Ohjelmistotuotanto/palautusrepositorio/viikko3/login-robot/src/tests/login.robot">
<test id="s1-s1-t1" name="Login With Correct Credentials" line="19">
<kw name="Create User And Input Login Command" type="SETUP">
<kw name="Create User" library="AppLibrary">
<arg>kalle</arg>
<arg>kalle123</arg>
<status status="PASS" starttime="20231111 10:32:05.631" endtime="20231111 10:32:05.633"/>
</kw>
<kw name="Input Login Command" library="resource">
<kw name="Input" library="AppLibrary">
<arg>login</arg>
<status status="PASS" starttime="20231111 10:32:05.634" endtime="20231111 10:32:05.637"/>
</kw>
<status status="PASS" starttime="20231111 10:32:05.633" endtime="20231111 10:32:05.637"/>
</kw>
<status status="PASS" starttime="20231111 10:32:05.630" endtime="20231111 10:32:05.637"/>
</kw>
<kw name="Input Credentials" library="resource">
<arg>kalle</arg>
<arg>kalle123</arg>
<kw name="Input" library="AppLibrary">
<arg>${username}</arg>
<status status="PASS" starttime="20231111 10:32:05.639" endtime="20231111 10:32:05.640"/>
</kw>
<kw name="Input" library="AppLibrary">
<arg>${password}</arg>
<status status="PASS" starttime="20231111 10:32:05.641" endtime="20231111 10:32:05.641"/>
</kw>
<kw name="Run Application" library="AppLibrary">
<status status="PASS" starttime="20231111 10:32:05.642" endtime="20231111 10:32:05.642"/>
</kw>
<status status="PASS" starttime="20231111 10:32:05.638" endtime="20231111 10:32:05.642"/>
</kw>
<kw name="Output Should Contain" library="AppLibrary">
<arg>Logged in</arg>
<status status="PASS" starttime="20231111 10:32:05.643" endtime="20231111 10:32:05.643"/>
</kw>
<status status="PASS" starttime="20231111 10:32:05.629" endtime="20231111 10:32:05.644"/>
</test>
<test id="s1-s1-t2" name="Login With Incorrect Password" line="23">
<kw name="Create User And Input Login Command" type="SETUP">
<kw name="Create User" library="AppLibrary">
<arg>kalle</arg>
<arg>kalle123</arg>
<status status="PASS" starttime="20231111 10:32:05.648" endtime="20231111 10:32:05.649"/>
</kw>
<kw name="Input Login Command" library="resource">
<kw name="Input" library="AppLibrary">
<arg>login</arg>
<status status="PASS" starttime="20231111 10:32:05.650" endtime="20231111 10:32:05.650"/>
</kw>
<status status="PASS" starttime="20231111 10:32:05.649" endtime="20231111 10:32:05.650"/>
</kw>
<status status="PASS" starttime="20231111 10:32:05.647" endtime="20231111 10:32:05.651"/>
</kw>
<kw name="Input Credentials" library="resource">
<arg>kalle</arg>
<arg>kalle1234</arg>
<kw name="Input" library="AppLibrary">
<arg>${username}</arg>
<status status="PASS" starttime="20231111 10:32:05.653" endtime="20231111 10:32:05.653"/>
</kw>
<kw name="Input" library="AppLibrary">
<arg>${password}</arg>
<status status="PASS" starttime="20231111 10:32:05.654" endtime="20231111 10:32:05.654"/>
</kw>
<kw name="Run Application" library="AppLibrary">
<status status="PASS" starttime="20231111 10:32:05.655" endtime="20231111 10:32:05.655"/>
</kw>
<status status="PASS" starttime="20231111 10:32:05.651" endtime="20231111 10:32:05.655"/>
</kw>
<kw name="Output Should Contain" library="AppLibrary">
<arg>Invalid username or password</arg>
<status status="PASS" starttime="20231111 10:32:05.656" endtime="20231111 10:32:05.656"/>
</kw>
<status status="PASS" starttime="20231111 10:32:05.646" endtime="20231111 10:32:05.657"/>
</test>
<test id="s1-s1-t3" name="Login With Nonexistent Username" line="27">
<kw name="Create User And Input Login Command" type="SETUP">
<kw name="Create User" library="AppLibrary">
<arg>kalle</arg>
<arg>kalle123</arg>
<status status="PASS" starttime="20231111 10:32:05.660" endtime="20231111 10:32:05.661"/>
</kw>
<kw name="Input Login Command" library="resource">
<kw name="Input" library="AppLibrary">
<arg>login</arg>
<status status="PASS" starttime="20231111 10:32:05.662" endtime="20231111 10:32:05.662"/>
</kw>
<status status="PASS" starttime="20231111 10:32:05.661" endtime="20231111 10:32:05.663"/>
</kw>
<status status="PASS" starttime="20231111 10:32:05.659" endtime="20231111 10:32:05.663"/>
</kw>
<kw name="Input Credentials" library="resource">
<arg>kalle2</arg>
<arg>kalle123</arg>
<kw name="Input" library="AppLibrary">
<arg>${username}</arg>
<status status="PASS" starttime="20231111 10:32:05.665" endtime="20231111 10:32:05.665"/>
</kw>
<kw name="Input" library="AppLibrary">
<arg>${password}</arg>
<status status="PASS" starttime="20231111 10:32:05.665" endtime="20231111 10:32:05.666"/>
</kw>
<kw name="Run Application" library="AppLibrary">
<status status="PASS" starttime="20231111 10:32:05.666" endtime="20231111 10:32:05.667"/>
</kw>
<status status="PASS" starttime="20231111 10:32:05.663" endtime="20231111 10:32:05.667"/>
</kw>
<kw name="Output Should Contain" library="AppLibrary">
<arg>Invalid username or password</arg>
<status status="PASS" starttime="20231111 10:32:05.667" endtime="20231111 10:32:05.668"/>
</kw>
<status status="PASS" starttime="20231111 10:32:05.658" endtime="20231111 10:32:05.669"/>
</test>
<status status="PASS" starttime="20231111 10:32:05.586" endtime="20231111 10:32:05.671"/>
</suite>
<suite id="s1-s2" name="Register" source="/home/syrvil/Opiskelu/Ohjelmistotuotanto/palautusrepositorio/viikko3/login-robot/src/tests/register.robot">
<test id="s1-s2-t1" name="Register With Valid Username And Password" line="11">
<kw name="Input New Command And Create User" type="SETUP">
<kw name="Create User" library="AppLibrary">
<arg>kalle</arg>
<arg>kalle123</arg>
<status status="PASS" starttime="20231111 10:32:05.686" endtime="20231111 10:32:05.687"/>
</kw>
<kw name="Input New Command" library="resource">
<kw name="Input" library="AppLibrary">
<arg>new</arg>
<status status="PASS" starttime="20231111 10:32:05.688" endtime="20231111 10:32:05.688"/>
</kw>
<status status="PASS" starttime="20231111 10:32:05.687" endtime="20231111 10:32:05.688"/>
</kw>
<status status="PASS" starttime="20231111 10:32:05.685" endtime="20231111 10:32:05.689"/>
</kw>
<kw name="Input Credentials" library="resource">
<arg>ville</arg>
<arg>kalle123</arg>
<kw name="Input" library="AppLibrary">
<arg>${username}</arg>
<status status="PASS" starttime="20231111 10:32:05.690" endtime="20231111 10:32:05.691"/>
</kw>
<kw name="Input" library="AppLibrary">
<arg>${password}</arg>
<status status="PASS" starttime="20231111 10:32:05.692" endtime="20231111 10:32:05.693"/>
</kw>
<kw name="Run Application" library="AppLibrary">
<status status="PASS" starttime="20231111 10:32:05.693" endtime="20231111 10:32:05.694"/>
</kw>
<status status="PASS" starttime="20231111 10:32:05.689" endtime="20231111 10:32:05.694"/>
</kw>
<kw name="Output Should Contain" library="AppLibrary">
<arg>New user registered</arg>
<status status="PASS" starttime="20231111 10:32:05.695" endtime="20231111 10:32:05.696"/>
</kw>
<status status="PASS" starttime="20231111 10:32:05.684" endtime="20231111 10:32:05.696"/>
</test>
<test id="s1-s2-t2" name="Register With Already Taken Username And Valid Password" line="15">
<kw name="Input New Command And Create User" type="SETUP">
<kw name="Create User" library="AppLibrary">
<arg>kalle</arg>
<arg>kalle123</arg>
<status status="PASS" starttime="20231111 10:32:05.702" endtime="20231111 10:32:05.703"/>
</kw>
<kw name="Input New Command" library="resource">
<kw name="Input" library="AppLibrary">
<arg>new</arg>
<status status="PASS" starttime="20231111 10:32:05.706" endtime="20231111 10:32:05.706"/>
</kw>
<status status="PASS" starttime="20231111 10:32:05.704" endtime="20231111 10:32:05.707"/>
</kw>
<status status="PASS" starttime="20231111 10:32:05.700" endtime="20231111 10:32:05.707"/>
</kw>
<kw name="Input Credentials" library="resource">
<arg>kalle</arg>
<arg>kalle123</arg>
<kw name="Input" library="AppLibrary">
<arg>${username}</arg>
<status status="PASS" starttime="20231111 10:32:05.710" endtime="20231111 10:32:05.711"/>
</kw>
<kw name="Input" library="AppLibrary">
<arg>${password}</arg>
<status status="PASS" starttime="20231111 10:32:05.712" endtime="20231111 10:32:05.713"/>
</kw>
<kw name="Run Application" library="AppLibrary">
<status status="PASS" starttime="20231111 10:32:05.714" endtime="20231111 10:32:05.714"/>
</kw>
<status status="PASS" starttime="20231111 10:32:05.708" endtime="20231111 10:32:05.715"/>
</kw>
<kw name="Output Should Contain" library="AppLibrary">
<arg>User with username kalle already exists</arg>
<status status="PASS" starttime="20231111 10:32:05.715" endtime="20231111 10:32:05.716"/>
</kw>
<status status="PASS" starttime="20231111 10:32:05.697" endtime="20231111 10:32:05.717"/>
</test>
<test id="s1-s2-t3" name="Register With Too Short Username And Valid Password" line="19">
<kw name="Input New Command And Create User" type="SETUP">
<kw name="Create User" library="AppLibrary">
<arg>kalle</arg>
<arg>kalle123</arg>
<status status="PASS" starttime="20231111 10:32:05.722" endtime="20231111 10:32:05.723"/>
</kw>
<kw name="Input New Command" library="resource">
<kw name="Input" library="AppLibrary">
<arg>new</arg>
<status status="PASS" starttime="20231111 10:32:05.725" endtime="20231111 10:32:05.726"/>
</kw>
<status status="PASS" starttime="20231111 10:32:05.724" endtime="20231111 10:32:05.726"/>
</kw>
<status status="PASS" starttime="20231111 10:32:05.720" endtime="20231111 10:32:05.726"/>
</kw>
<kw name="Input Credentials" library="resource">
<arg>ka</arg>
<arg>kalle123</arg>
<kw name="Input" library="AppLibrary">
<arg>${username}</arg>
<status status="PASS" starttime="20231111 10:32:05.728" endtime="20231111 10:32:05.729"/>
</kw>
<kw name="Input" library="AppLibrary">
<arg>${password}</arg>
<status status="PASS" starttime="20231111 10:32:05.730" endtime="20231111 10:32:05.730"/>
</kw>
<kw name="Run Application" library="AppLibrary">
<status status="PASS" starttime="20231111 10:32:05.731" endtime="20231111 10:32:05.732"/>
</kw>
<status status="PASS" starttime="20231111 10:32:05.727" endtime="20231111 10:32:05.732"/>
</kw>
<kw name="Output Should Contain" library="AppLibrary">
<arg>Username must have at least 3 characters</arg>
<status status="PASS" starttime="20231111 10:32:05.732" endtime="20231111 10:32:05.733"/>
</kw>
<status status="PASS" starttime="20231111 10:32:05.718" endtime="20231111 10:32:05.734"/>
</test>
<test id="s1-s2-t4" name="Register With Enough Long But Invald Username And Valid Password" line="23">
<kw name="Input New Command And Create User" type="SETUP">
<kw name="Create User" library="AppLibrary">
<arg>kalle</arg>
<arg>kalle123</arg>
<status status="PASS" starttime="20231111 10:32:05.738" endtime="20231111 10:32:05.739"/>
</kw>
<kw name="Input New Command" library="resource">
<kw name="Input" library="AppLibrary">
<arg>new</arg>
<status status="PASS" starttime="20231111 10:32:05.741" endtime="20231111 10:32:05.741"/>
</kw>
<status status="PASS" starttime="20231111 10:32:05.739" endtime="20231111 10:32:05.742"/>
</kw>
<status status="PASS" starttime="20231111 10:32:05.737" endtime="20231111 10:32:05.742"/>
</kw>
<kw name="Input Credentials" library="resource">
<arg>Kalle</arg>
<arg>kalle123</arg>
<kw name="Input" library="AppLibrary">
<arg>${username}</arg>
<status status="PASS" starttime="20231111 10:32:05.744" endtime="20231111 10:32:05.745"/>
</kw>
<kw name="Input" library="AppLibrary">
<arg>${password}</arg>
<status status="PASS" starttime="20231111 10:32:05.745" endtime="20231111 10:32:05.746"/>
</kw>
<kw name="Run Application" library="AppLibrary">
<status status="PASS" starttime="20231111 10:32:05.747" endtime="20231111 10:32:05.747"/>
</kw>
<status status="PASS" starttime="20231111 10:32:05.743" endtime="20231111 10:32:05.748"/>
</kw>
<kw name="Output Should Contain" library="AppLibrary">
<arg>Username must only contain letters a-z</arg>
<status status="PASS" starttime="20231111 10:32:05.748" endtime="20231111 10:32:05.749"/>
</kw>
<status status="PASS" starttime="20231111 10:32:05.735" endtime="20231111 10:32:05.750"/>
</test>
<test id="s1-s2-t5" name="Register With Valid Username And Too Short Password" line="27">
<kw name="Input New Command And Create User" type="SETUP">
<kw name="Create User" library="AppLibrary">
<arg>kalle</arg>
<arg>kalle123</arg>
<status status="PASS" starttime="20231111 10:32:05.755" endtime="20231111 10:32:05.756"/>
</kw>
<kw name="Input New Command" library="resource">
<kw name="Input" library="AppLibrary">
<arg>new</arg>
<status status="PASS" starttime="20231111 10:32:05.758" endtime="20231111 10:32:05.759"/>
</kw>
<status status="PASS" starttime="20231111 10:32:05.757" endtime="20231111 10:32:05.759"/>
</kw>
<status status="PASS" starttime="20231111 10:32:05.754" endtime="20231111 10:32:05.759"/>
</kw>
<kw name="Input Credentials" library="resource">
<arg>kalle</arg>
<arg>ka</arg>
<kw name="Input" library="AppLibrary">
<arg>${username}</arg>
<status status="PASS" starttime="20231111 10:32:05.761" endtime="20231111 10:32:05.761"/>
</kw>
<kw name="Input" library="AppLibrary">
<arg>${password}</arg>
<status status="PASS" starttime="20231111 10:32:05.762" endtime="20231111 10:32:05.762"/>
</kw>
<kw name="Run Application" library="AppLibrary">
<status status="PASS" starttime="20231111 10:32:05.762" endtime="20231111 10:32:05.763"/>
</kw>
<status status="PASS" starttime="20231111 10:32:05.760" endtime="20231111 10:32:05.763"/>
</kw>
<kw name="Output Should Contain" library="AppLibrary">
<arg>Password must have at least 8 characters</arg>
<status status="PASS" starttime="20231111 10:32:05.764" endtime="20231111 10:32:05.765"/>
</kw>
<status status="PASS" starttime="20231111 10:32:05.752" endtime="20231111 10:32:05.766"/>
</test>
<test id="s1-s2-t6" name="Register With Valid Username And Long Enough Password Containing Only Letters" line="31">
<kw name="Input New Command And Create User" type="SETUP">
<kw name="Create User" library="AppLibrary">
<arg>kalle</arg>
<arg>kalle123</arg>
<status status="PASS" starttime="20231111 10:32:05.771" endtime="20231111 10:32:05.773"/>
</kw>
<kw name="Input New Command" library="resource">
<kw name="Input" library="AppLibrary">
<arg>new</arg>
<status status="PASS" starttime="20231111 10:32:05.774" endtime="20231111 10:32:05.775"/>
</kw>
<status status="PASS" starttime="20231111 10:32:05.773" endtime="20231111 10:32:05.775"/>
</kw>
<status status="PASS" starttime="20231111 10:32:05.770" endtime="20231111 10:32:05.775"/>
</kw>
<kw name="Input Credentials" library="resource">
<arg>kalle</arg>
<arg>kallekalle</arg>
<kw name="Input" library="AppLibrary">
<arg>${username}</arg>
<status status="PASS" starttime="20231111 10:32:05.777" endtime="20231111 10:32:05.778"/>
</kw>
<kw name="Input" library="AppLibrary">
<arg>${password}</arg>
<status status="PASS" starttime="20231111 10:32:05.778" endtime="20231111 10:32:05.779"/>
</kw>
<kw name="Run Application" library="AppLibrary">
<status status="PASS" starttime="20231111 10:32:05.779" endtime="20231111 10:32:05.779"/>
</kw>
<status status="PASS" starttime="20231111 10:32:05.776" endtime="20231111 10:32:05.780"/>
</kw>
<kw name="Output Should Contain" library="AppLibrary">
<arg>Password cannot contain olnly letters</arg>
<status status="PASS" starttime="20231111 10:32:05.780" endtime="20231111 10:32:05.781"/>
</kw>
<status status="PASS" starttime="20231111 10:32:05.768" endtime="20231111 10:32:05.781"/>
</test>
<status status="PASS" starttime="20231111 10:32:05.673" endtime="20231111 10:32:05.783"/>
</suite>
<status status="PASS" starttime="20231111 10:32:05.515" endtime="20231111 10:32:05.787"/>
</suite>
<statistics>
<total>
<stat pass="9" fail="0" skip="0">All Tests</stat>
</total>
<tag>
</tag>
<suite>
<stat pass="9" fail="0" skip="0" id="s1" name="Tests">Tests</stat>
<stat pass="3" fail="0" skip="0" id="s1-s1" name="Login">Tests.Login</stat>
<stat pass="6" fail="0" skip="0" id="s1-s2" name="Register">Tests.Register</stat>
</suite>
</statistics>
<errors>
</errors>
</robot>
