<?xml version="1.0" encoding="UTF-8"?>
<robot generator="Robot 6.1.1 (Python 3.10.13 on linux)" generated="20231112 13:42:59.858" rpa="false" schemaversion="4">
<suite id="s1" name="Tests" source="/home/syrvil/Opiskelu/Ohjelmistotuotanto/palautusrepositorio/viikko3/login-robot/src/tests">
<suite id="s1-s1" name="Login" source="/home/syrvil/Opiskelu/Ohjelmistotuotanto/palautusrepositorio/viikko3/login-robot/src/tests/login.robot">
<test id="s1-s1-t1" name="Login With Correct Credentials" line="11">
<kw name="Create User And Input Login Command" type="SETUP">
<kw name="Create User" library="AppLibrary">
<arg>kalle</arg>
<arg>kalle123</arg>
<status status="PASS" starttime="20231112 13:42:59.987" endtime="20231112 13:42:59.989"/>
</kw>
<kw name="Input Login Command" library="resource">
<kw name="Input" library="AppLibrary">
<arg>login</arg>
<status status="PASS" starttime="20231112 13:42:59.990" endtime="20231112 13:42:59.994"/>
</kw>
<status status="PASS" starttime="20231112 13:42:59.989" endtime="20231112 13:42:59.994"/>
</kw>
<status status="PASS" starttime="20231112 13:42:59.986" endtime="20231112 13:42:59.995"/>
</kw>
<kw name="Input Credentials" library="resource">
<arg>kalle</arg>
<arg>kalle123</arg>
<kw name="Input" library="AppLibrary">
<arg>${username}</arg>
<status status="PASS" starttime="20231112 13:42:59.996" endtime="20231112 13:42:59.997"/>
</kw>
<kw name="Input" library="AppLibrary">
<arg>${password}</arg>
<status status="PASS" starttime="20231112 13:42:59.998" endtime="20231112 13:42:59.998"/>
</kw>
<kw name="Run Application" library="AppLibrary">
<status status="PASS" starttime="20231112 13:42:59.998" endtime="20231112 13:42:59.999"/>
</kw>
<status status="PASS" starttime="20231112 13:42:59.995" endtime="20231112 13:42:59.999"/>
</kw>
<kw name="Output Should Contain" library="AppLibrary">
<arg>Logged in</arg>
<status status="PASS" starttime="20231112 13:42:59.999" endtime="20231112 13:43:00.000"/>
</kw>
<status status="PASS" starttime="20231112 13:42:59.984" endtime="20231112 13:43:00.001"/>
</test>
<test id="s1-s1-t2" name="Login With Incorrect Password" line="15">
<kw name="Create User And Input Login Command" type="SETUP">
<kw name="Create User" library="AppLibrary">
<arg>kalle</arg>
<arg>kalle123</arg>
<status status="PASS" starttime="20231112 13:43:00.005" endtime="20231112 13:43:00.006"/>
</kw>
<kw name="Input Login Command" library="resource">
<kw name="Input" library="AppLibrary">
<arg>login</arg>
<status status="PASS" starttime="20231112 13:43:00.007" endtime="20231112 13:43:00.008"/>
</kw>
<status status="PASS" starttime="20231112 13:43:00.006" endtime="20231112 13:43:00.008"/>
</kw>
<status status="PASS" starttime="20231112 13:43:00.004" endtime="20231112 13:43:00.009"/>
</kw>
<kw name="Input Credentials" library="resource">
<arg>kalle</arg>
<arg>kalle1234</arg>
<kw name="Input" library="AppLibrary">
<arg>${username}</arg>
<status status="PASS" starttime="20231112 13:43:00.010" endtime="20231112 13:43:00.011"/>
</kw>
<kw name="Input" library="AppLibrary">
<arg>${password}</arg>
<status status="PASS" starttime="20231112 13:43:00.011" endtime="20231112 13:43:00.011"/>
</kw>
<kw name="Run Application" library="AppLibrary">
<status status="PASS" starttime="20231112 13:43:00.012" endtime="20231112 13:43:00.012"/>
</kw>
<status status="PASS" starttime="20231112 13:43:00.009" endtime="20231112 13:43:00.012"/>
</kw>
<kw name="Output Should Contain" library="AppLibrary">
<arg>Invalid username or password</arg>
<status status="PASS" starttime="20231112 13:43:00.013" endtime="20231112 13:43:00.013"/>
</kw>
<status status="PASS" starttime="20231112 13:43:00.002" endtime="20231112 13:43:00.014"/>
</test>
<test id="s1-s1-t3" name="Login With Nonexistent Username" line="19">
<kw name="Create User And Input Login Command" type="SETUP">
<kw name="Create User" library="AppLibrary">
<arg>kalle</arg>
<arg>kalle123</arg>
<status status="PASS" starttime="20231112 13:43:00.017" endtime="20231112 13:43:00.018"/>
</kw>
<kw name="Input Login Command" library="resource">
<kw name="Input" library="AppLibrary">
<arg>login</arg>
<status status="PASS" starttime="20231112 13:43:00.019" endtime="20231112 13:43:00.020"/>
</kw>
<status status="PASS" starttime="20231112 13:43:00.018" endtime="20231112 13:43:00.020"/>
</kw>
<status status="PASS" starttime="20231112 13:43:00.016" endtime="20231112 13:43:00.020"/>
</kw>
<kw name="Input Credentials" library="resource">
<arg>kalle2</arg>
<arg>kalle123</arg>
<kw name="Input" library="AppLibrary">
<arg>${username}</arg>
<status status="PASS" starttime="20231112 13:43:00.021" endtime="20231112 13:43:00.022"/>
</kw>
<kw name="Input" library="AppLibrary">
<arg>${password}</arg>
<status status="PASS" starttime="20231112 13:43:00.023" endtime="20231112 13:43:00.023"/>
</kw>
<kw name="Run Application" library="AppLibrary">
<status status="PASS" starttime="20231112 13:43:00.024" endtime="20231112 13:43:00.024"/>
</kw>
<status status="PASS" starttime="20231112 13:43:00.020" endtime="20231112 13:43:00.024"/>
</kw>
<kw name="Output Should Contain" library="AppLibrary">
<arg>Invalid username or password</arg>
<status status="PASS" starttime="20231112 13:43:00.025" endtime="20231112 13:43:00.025"/>
</kw>
<status status="PASS" starttime="20231112 13:43:00.014" endtime="20231112 13:43:00.026"/>
</test>
<status status="PASS" starttime="20231112 13:42:59.940" endtime="20231112 13:43:00.028"/>
</suite>
<suite id="s1-s2" name="Register" source="/home/syrvil/Opiskelu/Ohjelmistotuotanto/palautusrepositorio/viikko3/login-robot/src/tests/register.robot">
<test id="s1-s2-t1" name="Register With Valid Username And Password" line="11">
<kw name="Input New Command And Create User" type="SETUP">
<kw name="Create User" library="AppLibrary">
<arg>kalle</arg>
<arg>kalle123</arg>
<status status="PASS" starttime="20231112 13:43:00.044" endtime="20231112 13:43:00.045"/>
</kw>
<kw name="Input New Command" library="resource">
<kw name="Input" library="AppLibrary">
<arg>new</arg>
<status status="PASS" starttime="20231112 13:43:00.048" endtime="20231112 13:43:00.049"/>
</kw>
<status status="PASS" starttime="20231112 13:43:00.046" endtime="20231112 13:43:00.049"/>
</kw>
<status status="PASS" starttime="20231112 13:43:00.042" endtime="20231112 13:43:00.050"/>
</kw>
<kw name="Input Credentials" library="resource">
<arg>ville</arg>
<arg>kalle123</arg>
<kw name="Input" library="AppLibrary">
<arg>${username}</arg>
<status status="PASS" starttime="20231112 13:43:00.052" endtime="20231112 13:43:00.054"/>
</kw>
<kw name="Input" library="AppLibrary">
<arg>${password}</arg>
<status status="PASS" starttime="20231112 13:43:00.054" endtime="20231112 13:43:00.055"/>
</kw>
<kw name="Run Application" library="AppLibrary">
<status status="PASS" starttime="20231112 13:43:00.056" endtime="20231112 13:43:00.057"/>
</kw>
<status status="PASS" starttime="20231112 13:43:00.051" endtime="20231112 13:43:00.057"/>
</kw>
<kw name="Output Should Contain" library="AppLibrary">
<arg>New user registered</arg>
<status status="PASS" starttime="20231112 13:43:00.058" endtime="20231112 13:43:00.059"/>
</kw>
<status status="PASS" starttime="20231112 13:43:00.039" endtime="20231112 13:43:00.060"/>
</test>
<test id="s1-s2-t2" name="Register With Already Taken Username And Valid Password" line="15">
<kw name="Input New Command And Create User" type="SETUP">
<kw name="Create User" library="AppLibrary">
<arg>kalle</arg>
<arg>kalle123</arg>
<status status="PASS" starttime="20231112 13:43:00.065" endtime="20231112 13:43:00.066"/>
</kw>
<kw name="Input New Command" library="resource">
<kw name="Input" library="AppLibrary">
<arg>new</arg>
<status status="PASS" starttime="20231112 13:43:00.068" endtime="20231112 13:43:00.068"/>
</kw>
<status status="PASS" starttime="20231112 13:43:00.066" endtime="20231112 13:43:00.069"/>
</kw>
<status status="PASS" starttime="20231112 13:43:00.063" endtime="20231112 13:43:00.069"/>
</kw>
<kw name="Input Credentials" library="resource">
<arg>kalle</arg>
<arg>kalle123</arg>
<kw name="Input" library="AppLibrary">
<arg>${username}</arg>
<status status="PASS" starttime="20231112 13:43:00.071" endtime="20231112 13:43:00.073"/>
</kw>
<kw name="Input" library="AppLibrary">
<arg>${password}</arg>
<status status="PASS" starttime="20231112 13:43:00.073" endtime="20231112 13:43:00.075"/>
</kw>
<kw name="Run Application" library="AppLibrary">
<status status="PASS" starttime="20231112 13:43:00.075" endtime="20231112 13:43:00.076"/>
</kw>
<status status="PASS" starttime="20231112 13:43:00.070" endtime="20231112 13:43:00.077"/>
</kw>
<kw name="Output Should Contain" library="AppLibrary">
<arg>User with username kalle already exists</arg>
<status status="PASS" starttime="20231112 13:43:00.078" endtime="20231112 13:43:00.078"/>
</kw>
<status status="PASS" starttime="20231112 13:43:00.061" endtime="20231112 13:43:00.079"/>
</test>
<test id="s1-s2-t3" name="Register With Too Short Username And Valid Password" line="19">
<kw name="Input New Command And Create User" type="SETUP">
<kw name="Create User" library="AppLibrary">
<arg>kalle</arg>
<arg>kalle123</arg>
<status status="PASS" starttime="20231112 13:43:00.085" endtime="20231112 13:43:00.086"/>
</kw>
<kw name="Input New Command" library="resource">
<kw name="Input" library="AppLibrary">
<arg>new</arg>
<status status="PASS" starttime="20231112 13:43:00.088" endtime="20231112 13:43:00.089"/>
</kw>
<status status="PASS" starttime="20231112 13:43:00.087" endtime="20231112 13:43:00.089"/>
</kw>
<status status="PASS" starttime="20231112 13:43:00.083" endtime="20231112 13:43:00.090"/>
</kw>
<kw name="Input Credentials" library="resource">
<arg>ka</arg>
<arg>kalle123</arg>
<kw name="Input" library="AppLibrary">
<arg>${username}</arg>
<status status="PASS" starttime="20231112 13:43:00.092" endtime="20231112 13:43:00.094"/>
</kw>
<kw name="Input" library="AppLibrary">
<arg>${password}</arg>
<status status="PASS" starttime="20231112 13:43:00.094" endtime="20231112 13:43:00.095"/>
</kw>
<kw name="Run Application" library="AppLibrary">
<status status="PASS" starttime="20231112 13:43:00.096" endtime="20231112 13:43:00.097"/>
</kw>
<status status="PASS" starttime="20231112 13:43:00.091" endtime="20231112 13:43:00.097"/>
</kw>
<kw name="Output Should Contain" library="AppLibrary">
<arg>Username must have at least 3 characters</arg>
<status status="PASS" starttime="20231112 13:43:00.098" endtime="20231112 13:43:00.099"/>
</kw>
<status status="PASS" starttime="20231112 13:43:00.081" endtime="20231112 13:43:00.100"/>
</test>
<test id="s1-s2-t4" name="Register With Enough Long But Invald Username And Valid Password" line="23">
<kw name="Input New Command And Create User" type="SETUP">
<kw name="Create User" library="AppLibrary">
<arg>kalle</arg>
<arg>kalle123</arg>
<status status="PASS" starttime="20231112 13:43:00.105" endtime="20231112 13:43:00.106"/>
</kw>
<kw name="Input New Command" library="resource">
<kw name="Input" library="AppLibrary">
<arg>new</arg>
<status status="PASS" starttime="20231112 13:43:00.108" endtime="20231112 13:43:00.109"/>
</kw>
<status status="PASS" starttime="20231112 13:43:00.107" endtime="20231112 13:43:00.109"/>
</kw>
<status status="PASS" starttime="20231112 13:43:00.104" endtime="20231112 13:43:00.110"/>
</kw>
<kw name="Input Credentials" library="resource">
<arg>Kalle</arg>
<arg>kalle123</arg>
<kw name="Input" library="AppLibrary">
<arg>${username}</arg>
<status status="PASS" starttime="20231112 13:43:00.112" endtime="20231112 13:43:00.113"/>
</kw>
<kw name="Input" library="AppLibrary">
<arg>${password}</arg>
<status status="PASS" starttime="20231112 13:43:00.114" endtime="20231112 13:43:00.115"/>
</kw>
<kw name="Run Application" library="AppLibrary">
<status status="PASS" starttime="20231112 13:43:00.115" endtime="20231112 13:43:00.116"/>
</kw>
<status status="PASS" starttime="20231112 13:43:00.110" endtime="20231112 13:43:00.116"/>
</kw>
<kw name="Output Should Contain" library="AppLibrary">
<arg>Username must only contain letters a-z</arg>
<status status="PASS" starttime="20231112 13:43:00.117" endtime="20231112 13:43:00.118"/>
</kw>
<status status="PASS" starttime="20231112 13:43:00.101" endtime="20231112 13:43:00.119"/>
</test>
<test id="s1-s2-t5" name="Register With Valid Username And Too Short Password" line="27">
<kw name="Input New Command And Create User" type="SETUP">
<kw name="Create User" library="AppLibrary">
<arg>kalle</arg>
<arg>kalle123</arg>
<status status="PASS" starttime="20231112 13:43:00.124" endtime="20231112 13:43:00.126"/>
</kw>
<kw name="Input New Command" library="resource">
<kw name="Input" library="AppLibrary">
<arg>new</arg>
<status status="PASS" starttime="20231112 13:43:00.128" endtime="20231112 13:43:00.129"/>
</kw>
<status status="PASS" starttime="20231112 13:43:00.126" endtime="20231112 13:43:00.129"/>
</kw>
<status status="PASS" starttime="20231112 13:43:00.123" endtime="20231112 13:43:00.129"/>
</kw>
<kw name="Input Credentials" library="resource">
<arg>kalle</arg>
<arg>ka</arg>
<kw name="Input" library="AppLibrary">
<arg>${username}</arg>
<status status="PASS" starttime="20231112 13:43:00.131" endtime="20231112 13:43:00.132"/>
</kw>
<kw name="Input" library="AppLibrary">
<arg>${password}</arg>
<status status="PASS" starttime="20231112 13:43:00.133" endtime="20231112 13:43:00.134"/>
</kw>
<kw name="Run Application" library="AppLibrary">
<status status="PASS" starttime="20231112 13:43:00.134" endtime="20231112 13:43:00.135"/>
</kw>
<status status="PASS" starttime="20231112 13:43:00.130" endtime="20231112 13:43:00.135"/>
</kw>
<kw name="Output Should Contain" library="AppLibrary">
<arg>Password must have at least 8 characters</arg>
<status status="PASS" starttime="20231112 13:43:00.136" endtime="20231112 13:43:00.136"/>
</kw>
<status status="PASS" starttime="20231112 13:43:00.121" endtime="20231112 13:43:00.137"/>
</test>
<test id="s1-s2-t6" name="Register With Valid Username And Long Enough Password Containing Only Letters" line="31">
<kw name="Input New Command And Create User" type="SETUP">
<kw name="Create User" library="AppLibrary">
<arg>kalle</arg>
<arg>kalle123</arg>
<status status="PASS" starttime="20231112 13:43:00.142" endtime="20231112 13:43:00.144"/>
</kw>
<kw name="Input New Command" library="resource">
<kw name="Input" library="AppLibrary">
<arg>new</arg>
<status status="PASS" starttime="20231112 13:43:00.146" endtime="20231112 13:43:00.147"/>
</kw>
<status status="PASS" starttime="20231112 13:43:00.145" endtime="20231112 13:43:00.147"/>
</kw>
<status status="PASS" starttime="20231112 13:43:00.141" endtime="20231112 13:43:00.147"/>
</kw>
<kw name="Input Credentials" library="resource">
<arg>kalle</arg>
<arg>kallekalle</arg>
<kw name="Input" library="AppLibrary">
<arg>${username}</arg>
<status status="PASS" starttime="20231112 13:43:00.150" endtime="20231112 13:43:00.151"/>
</kw>
<kw name="Input" library="AppLibrary">
<arg>${password}</arg>
<status status="PASS" starttime="20231112 13:43:00.151" endtime="20231112 13:43:00.153"/>
</kw>
<kw name="Run Application" library="AppLibrary">
<status status="PASS" starttime="20231112 13:43:00.153" endtime="20231112 13:43:00.154"/>
</kw>
<status status="PASS" starttime="20231112 13:43:00.148" endtime="20231112 13:43:00.154"/>
</kw>
<kw name="Output Should Contain" library="AppLibrary">
<arg>Password cannot contain olnly letters</arg>
<status status="PASS" starttime="20231112 13:43:00.155" endtime="20231112 13:43:00.156"/>
</kw>
<status status="PASS" starttime="20231112 13:43:00.138" endtime="20231112 13:43:00.157"/>
</test>
<status status="PASS" starttime="20231112 13:43:00.030" endtime="20231112 13:43:00.159"/>
</suite>
<status status="PASS" starttime="20231112 13:42:59.861" endtime="20231112 13:43:00.164"/>
</suite>
<statistics>
<total>
<stat pass="9" fail="0" skip="0">All Tests</stat>
</total>
<tag>
</tag>
<suite>
<stat pass="9" fail="0" skip="0" id="s1" name="Tests">Tests</stat>
<stat pass="3" fail="0" skip="0" id="s1-s1" name="Login">Tests.Login</stat>
<stat pass="6" fail="0" skip="0" id="s1-s2" name="Register">Tests.Register</stat>
</suite>
</statistics>
<errors>
</errors>
</robot>
